# JRE version: OpenJDK Runtime Environment (21.0.2+13) (build 21.0.2+13-58)
# Java VM: OpenJDK 64-Bit Server VM (21.0.2+13-58, mixed mode, emulated-client, sharing, tiered, compressed oops, compressed class ptrs, g1 gc, windows-amd64)
GC Precious Log:
 CardTable entry size: 512
 Card Set container configuration: InlinePtr #cards 5 size 8 Array Of Cards #cards 12 size 40 Howl #buckets 4 coarsen threshold 1843 Howl Bitmap #cards 512 size 80 coarsen threshold 460 Card regions per heap region 1 cards per card region 2048
 CPUs: 4 total, 4 available
 Memory: 8073M
 Large Page Support: Disabled
 NUMA Support: Disabled
 Compressed Oops: Enabled (32-bit)
 Heap Region Size: 1M
 Heap Min Capacity: 8M
 Heap Initial Capacity: 128M
 Heap Max Capacity: 2020M
 Pre-touch: Disabled
 Parallel Workers: 4
 Concurrent Workers: 1
 Concurrent Refinement Workers: 4
 Periodic GC: Disabled
Heap:
 garbage-first heap   total 73728K, used 55962K [0x0000000081c00000, 0x0000000100000000)
  region size 1024K, 29 young (29696K), 5 survivors (5120K)
 Metaspace       used 69356K, committed 70080K, reserved 1114112K
  class space    used 9858K, committed 10176K, reserved 1048576K
GC Heap History (20 events):
Event: 6.817 GC heap before
{Heap before GC invocations=9 (full 0):
 garbage-first heap   total 51200K, used 23115K [0x0000000081c00000, 0x0000000100000000)
  region size 1024K, 5 young (5120K), 2 survivors (2048K)
 Metaspace       used 35442K, committed 35968K, reserved 1114112K
  class space    used 4873K, committed 5120K, reserved 1048576K
}
Event: 6.821 GC heap after
{Heap after GC invocations=10 (full 0):
 garbage-first heap   total 61440K, used 21106K [0x0000000081c00000, 0x0000000100000000)
  region size 1024K, 2 young (2048K), 2 survivors (2048K)
 Metaspace       used 35442K, committed 35968K, reserved 1114112K
  class space    used 4873K, committed 5120K, reserved 1048576K
}
Event: 7.755 GC heap before
{Heap before GC invocations=11 (full 0):
 garbage-first heap   total 61440K, used 50802K [0x0000000081c00000, 0x0000000100000000)
  region size 1024K, 32 young (32768K), 2 survivors (2048K)
 Metaspace       used 42675K, committed 43264K, reserved 1114112K
  class space    used 5870K, committed 6144K, reserved 1048576K
}
Event: 7.762 GC heap after
{Heap after GC invocations=12 (full 0):
 garbage-first heap   total 61440K, used 23881K [0x0000000081c00000, 0x0000000100000000)
  region size 1024K, 4 young (4096K), 4 survivors (4096K)
 Metaspace       used 42675K, committed 43264K, reserved 1114112K
  class space    used 5870K, committed 6144K, reserved 1048576K
}
Event: 8.810 GC heap before
{Heap before GC invocations=12 (full 0):
 garbage-first heap   total 61440K, used 51529K [0x0000000081c00000, 0x0000000100000000)
  region size 1024K, 32 young (32768K), 4 survivors (4096K)
 Metaspace       used 49322K, committed 49856K, reserved 1114112K
  class space    used 6799K, committed 7040K, reserved 1048576K
}
Event: 8.821 GC heap after
{Heap after GC invocations=13 (full 0):
 garbage-first heap   total 61440K, used 24979K [0x0000000081c00000, 0x0000000100000000)
  region size 1024K, 2 young (2048K), 2 survivors (2048K)
 Metaspace       used 49322K, committed 49856K, reserved 1114112K
  class space    used 6799K, committed 7040K, reserved 1048576K
}
Event: 9.634 GC heap before
{Heap before GC invocations=13 (full 0):
 garbage-first heap   total 61440K, used 53651K [0x0000000081c00000, 0x0000000100000000)
  region size 1024K, 30 young (30720K), 2 survivors (2048K)
 Metaspace       used 52824K, committed 53376K, reserved 1114112K
  class space    used 7445K, committed 7680K, reserved 1048576K
}
Event: 9.639 GC heap after
{Heap after GC invocations=14 (full 0):
 garbage-first heap   total 61440K, used 25548K [0x0000000081c00000, 0x0000000100000000)
  region size 1024K, 3 young (3072K), 3 survivors (3072K)
 Metaspace       used 52824K, committed 53376K, reserved 1114112K
  class space    used 7445K, committed 7680K, reserved 1048576K
}
Event: 10.727 GC heap before
{Heap before GC invocations=14 (full 0):
 garbage-first heap   total 61440K, used 54220K [0x0000000081c00000, 0x0000000100000000)
  region size 1024K, 31 young (31744K), 3 survivors (3072K)
 Metaspace       used 58300K, committed 58880K, reserved 1114112K
  class space    used 8204K, committed 8448K, reserved 1048576K
}
Event: 10.739 GC heap after
{Heap after GC invocations=15 (full 0):
 garbage-first heap   total 61440K, used 28159K [0x0000000081c00000, 0x0000000100000000)
  region size 1024K, 4 young (4096K), 4 survivors (4096K)
 Metaspace       used 58300K, committed 58880K, reserved 1114112K
  class space    used 8204K, committed 8448K, reserved 1048576K
}
Event: 11.137 GC heap before
{Heap before GC invocations=15 (full 0):
 garbage-first heap   total 61440K, used 49663K [0x0000000081c00000, 0x0000000100000000)
  region size 1024K, 26 young (26624K), 4 survivors (4096K)
 Metaspace       used 59856K, committed 60480K, reserved 1114112K
  class space    used 8433K, committed 8768K, reserved 1048576K
}
Event: 11.148 GC heap after
{Heap after GC invocations=16 (full 0):
 garbage-first heap   total 61440K, used 28291K [0x0000000081c00000, 0x0000000100000000)
  region size 1024K, 3 young (3072K), 3 survivors (3072K)
 Metaspace       used 59856K, committed 60480K, reserved 1114112K
  class space    used 8433K, committed 8768K, reserved 1048576K
}
Event: 11.611 GC heap before
{Heap before GC invocations=17 (full 0):
 garbage-first heap   total 61440K, used 54915K [0x0000000081c00000, 0x0000000100000000)
  region size 1024K, 29 young (29696K), 3 survivors (3072K)
 Metaspace       used 60407K, committed 61056K, reserved 1114112K
  class space    used 8540K, committed 8832K, reserved 1048576K
}
Event: 11.617 GC heap after
{Heap after GC invocations=18 (full 0):
 garbage-first heap   total 61440K, used 29418K [0x0000000081c00000, 0x0000000100000000)
  region size 1024K, 2 young (2048K), 2 survivors (2048K)
 Metaspace       used 60407K, committed 61056K, reserved 1114112K
  class space    used 8540K, committed 8832K, reserved 1048576K
}
Event: 11.840 GC heap before
{Heap before GC invocations=18 (full 0):
 garbage-first heap   total 61440K, used 56042K [0x0000000081c00000, 0x0000000100000000)
  region size 1024K, 28 young (28672K), 2 survivors (2048K)
 Metaspace       used 60503K, committed 61120K, reserved 1114112K
  class space    used 8556K, committed 8832K, reserved 1048576K
}
Event: 11.845 GC heap after
{Heap after GC invocations=19 (full 0):
 garbage-first heap   total 61440K, used 29883K [0x0000000081c00000, 0x0000000100000000)
  region size 1024K, 3 young (3072K), 3 survivors (3072K)
 Metaspace       used 60503K, committed 61120K, reserved 1114112K
  class space    used 8556K, committed 8832K, reserved 1048576K
}
Event: 12.245 GC heap before
{Heap before GC invocations=19 (full 0):
 garbage-first heap   total 61440K, used 54459K [0x0000000081c00000, 0x0000000100000000)
  region size 1024K, 27 young (27648K), 3 survivors (3072K)
 Metaspace       used 61606K, committed 62208K, reserved 1114112K
  class space    used 8739K, committed 9024K, reserved 1048576K
}
Event: 12.251 GC heap after
{Heap after GC invocations=20 (full 0):
 garbage-first heap   total 73728K, used 31026K [0x0000000081c00000, 0x0000000100000000)
  region size 1024K, 3 young (3072K), 3 survivors (3072K)
 Metaspace       used 61606K, committed 62208K, reserved 1114112K
  class space    used 8739K, committed 9024K, reserved 1048576K
}
Event: 13.935 GC heap before
{Heap before GC invocations=20 (full 0):
 garbage-first heap   total 73728K, used 64818K [0x0000000081c00000, 0x0000000100000000)
  region size 1024K, 36 young (36864K), 3 survivors (3072K)
 Metaspace       used 63929K, committed 64640K, reserved 1114112K
  class space    used 9086K, committed 9408K, reserved 1048576K
}
Event: 13.944 GC heap after
{Heap after GC invocations=21 (full 0):
 garbage-first heap   total 73728K, used 33434K [0x0000000081c00000, 0x0000000100000000)
  region size 1024K, 5 young (5120K), 5 survivors (5120K)
 Metaspace       used 63929K, committed 64640K, reserved 1114112K
  class space    used 9086K, committed 9408K, reserved 1048576K
}

